0 info it worked if it ends with ok
1 verbose cli [ 'C:\\Program Files\\nodejs\\node.exe',
1 verbose cli   'C:\\Program Files\\nodejs\\node_modules\\npm\\bin\\npm-cli.js',
1 verbose cli   'install',
1 verbose cli   '--save',
1 verbose cli   'express' ]
2 info using npm@3.10.8
3 info using node@v6.9.1
4 silly loadCurrentTree Starting
5 silly install loadCurrentTree
6 silly install readLocalPackageData
7 silly fetchPackageMetaData express
8 silly fetchNamedPackageData express
9 silly mapToRegistry name express
10 silly mapToRegistry using default registry
11 silly mapToRegistry registry https://registry.npmjs.org/
12 silly mapToRegistry data Result {
12 silly mapToRegistry   raw: 'express',
12 silly mapToRegistry   scope: null,
12 silly mapToRegistry   escapedName: 'express',
12 silly mapToRegistry   name: 'express',
12 silly mapToRegistry   rawSpec: '',
12 silly mapToRegistry   spec: 'latest',
12 silly mapToRegistry   type: 'tag' }
13 silly mapToRegistry uri https://registry.npmjs.org/express
14 verbose request uri https://registry.npmjs.org/express
15 verbose request no auth needed
16 info attempt registry request try #1 at 8:32:58 AM
17 verbose request id 318557887a6fa29c
18 verbose etag W/"59df6ab3-9336e"
19 verbose lastModified Thu, 12 Oct 2017 13:14:27 GMT
20 http request GET https://registry.npmjs.org/express
21 info retry will retry, error on last attempt: Error: getaddrinfo ENOENT registry.npmjs.org:443
22 info attempt registry request try #2 at 8:33:09 AM
23 verbose etag W/"59df6ab3-9336e"
24 verbose lastModified Thu, 12 Oct 2017 13:14:27 GMT
25 http request GET https://registry.npmjs.org/express
26 info retry will retry, error on last attempt: Error: getaddrinfo ENOENT registry.npmjs.org:443
27 info attempt registry request try #3 at 8:34:09 AM
28 verbose etag W/"59df6ab3-9336e"
29 verbose lastModified Thu, 12 Oct 2017 13:14:27 GMT
30 http request GET https://registry.npmjs.org/express
31 silly get cb [ 304, undefined ]
32 verbose etag https://registry.npmjs.org/express from cache
33 verbose get saving express to C:\Users\Ahmad\AppData\Roaming\npm-cache\registry.npmjs.org\express\.cache.json
34 verbose correctMkdir C:\Users\Ahmad\AppData\Roaming\npm-cache correctMkdir not in flight; initializing
35 silly install normalizeTree
36 silly loadCurrentTree Finishing
37 silly loadIdealTree Starting
38 silly install loadIdealTree
39 silly cloneCurrentTree Starting
40 silly install cloneCurrentTreeToIdealTree
41 silly cloneCurrentTree Finishing
42 silly loadShrinkwrap Starting
43 silly install loadShrinkwrap
44 silly loadShrinkwrap Finishing
45 silly loadAllDepsIntoIdealTree Starting
46 silly install loadAllDepsIntoIdealTree
47 silly resolveWithNewModule express@4.16.2 checking installable status
48 silly cache add args [ 'express', null ]
49 verbose cache add spec express
50 silly cache add parsed spec Result {
50 silly cache add   raw: 'express',
50 silly cache add   scope: null,
50 silly cache add   escapedName: 'express',
50 silly cache add   name: 'express',
50 silly cache add   rawSpec: '',
50 silly cache add   spec: 'latest',
50 silly cache add   type: 'tag' }
51 silly addNamed express@latest
52 verbose addNamed "latest" is being treated as a dist-tag for express
53 info addNameTag [ 'express', 'latest' ]
54 silly mapToRegistry name express
55 silly mapToRegistry using default registry
56 silly mapToRegistry registry https://registry.npmjs.org/
57 silly mapToRegistry data Result {
57 silly mapToRegistry   raw: 'express',
57 silly mapToRegistry   scope: null,
57 silly mapToRegistry   escapedName: 'express',
57 silly mapToRegistry   name: 'express',
57 silly mapToRegistry   rawSpec: '',
57 silly mapToRegistry   spec: 'latest',
57 silly mapToRegistry   type: 'tag' }
58 silly mapToRegistry uri https://registry.npmjs.org/express
59 verbose addNameTag registry:https://registry.npmjs.org/express not in flight; fetching
60 verbose get https://registry.npmjs.org/express not expired, no request
61 silly addNameTag next cb for express with tag latest
62 silly addNamed express@4.16.2
63 verbose addNamed "4.16.2" is a plain semver version for express
64 silly mapToRegistry name express
65 silly mapToRegistry using default registry
66 silly mapToRegistry registry https://registry.npmjs.org/
67 silly mapToRegistry data Result {
67 silly mapToRegistry   raw: 'express',
67 silly mapToRegistry   scope: null,
67 silly mapToRegistry   escapedName: 'express',
67 silly mapToRegistry   name: 'express',
67 silly mapToRegistry   rawSpec: '',
67 silly mapToRegistry   spec: 'latest',
67 silly mapToRegistry   type: 'tag' }
68 silly mapToRegistry uri https://registry.npmjs.org/express
69 verbose addRemoteTarball https://registry.npmjs.org/express/-/express-4.16.2.tgz not in flight; adding
70 verbose addRemoteTarball [ 'https://registry.npmjs.org/express/-/express-4.16.2.tgz',
70 verbose addRemoteTarball   'e35c6dfe2d64b7dca0a5cd4f21781be3299e076c' ]
71 info retry fetch attempt 1 at 8:34:09 AM
72 info attempt registry request try #1 at 8:34:09 AM
73 http fetch GET https://registry.npmjs.org/express/-/express-4.16.2.tgz
74 info retry will retry, error on last attempt: Error: getaddrinfo ENOENT registry.npmjs.org:443
75 info attempt registry request try #2 at 8:34:19 AM
76 http fetch GET https://registry.npmjs.org/express/-/express-4.16.2.tgz
77 info retry will retry, error on last attempt: Error: getaddrinfo ENOENT registry.npmjs.org:443
78 info attempt registry request try #3 at 8:35:19 AM
79 http fetch GET https://registry.npmjs.org/express/-/express-4.16.2.tgz
80 error fetch failed https://registry.npmjs.org/express/-/express-4.16.2.tgz
81 warn retry will retry, error on last attempt: Error: getaddrinfo ENOENT registry.npmjs.org:443
82 info retry fetch attempt 2 at 8:35:29 AM
83 info attempt registry request try #1 at 8:35:29 AM
84 http fetch GET https://registry.npmjs.org/express/-/express-4.16.2.tgz
85 info retry will retry, error on last attempt: Error: getaddrinfo ENOENT registry.npmjs.org:443
86 info attempt registry request try #2 at 8:35:39 AM
87 http fetch GET https://registry.npmjs.org/express/-/express-4.16.2.tgz
88 info retry will retry, error on last attempt: Error: getaddrinfo ENOENT registry.npmjs.org:443
89 info attempt registry request try #3 at 8:36:39 AM
90 http fetch GET https://registry.npmjs.org/express/-/express-4.16.2.tgz
91 error fetch failed https://registry.npmjs.org/express/-/express-4.16.2.tgz
92 warn retry will retry, error on last attempt: Error: getaddrinfo ENOENT registry.npmjs.org:443
93 info retry fetch attempt 3 at 8:37:39 AM
94 info attempt registry request try #1 at 8:37:39 AM
95 http fetch GET https://registry.npmjs.org/express/-/express-4.16.2.tgz
96 info retry will retry, error on last attempt: Error: getaddrinfo ENOENT registry.npmjs.org:443
97 info attempt registry request try #2 at 8:37:49 AM
98 http fetch GET https://registry.npmjs.org/express/-/express-4.16.2.tgz
99 info retry will retry, error on last attempt: Error: getaddrinfo ENOENT registry.npmjs.org:443
100 info attempt registry request try #3 at 8:38:49 AM
101 http fetch GET https://registry.npmjs.org/express/-/express-4.16.2.tgz
102 error fetch failed https://registry.npmjs.org/express/-/express-4.16.2.tgz
103 silly rollbackFailedOptional Starting
104 silly rollbackFailedOptional Finishing
105 silly runTopLevelLifecycles Finishing
106 silly install printInstalled
107 verbose stack Error: getaddrinfo ENOENT registry.npmjs.org:443
107 verbose stack     at Object.exports._errnoException (util.js:1026:11)
107 verbose stack     at errnoException (dns.js:33:15)
107 verbose stack     at GetAddrInfoReqWrap.onlookup [as oncomplete] (dns.js:76:26)
108 verbose cwd C:\Users\Ahmad\Videos\UDEMY\Coursera - Web Development\Projects\loso
109 error Windows_NT 10.0.15063
110 error argv "C:\\Program Files\\nodejs\\node.exe" "C:\\Program Files\\nodejs\\node_modules\\npm\\bin\\npm-cli.js" "install" "--save" "express"
111 error node v6.9.1
112 error npm  v3.10.8
113 error code ENOENT
114 error errno ENOENT
115 error syscall getaddrinfo
116 error enoent getaddrinfo ENOENT registry.npmjs.org:443
117 error enoent getaddrinfo ENOENT registry.npmjs.org:443
117 error enoent This is most likely not a problem with npm itself
117 error enoent and is related to npm not being able to find a file.
118 verbose exit [ 1, true ]
